     1                                  %include "boot.inc"
     2                              <1> ;-------------	 loader和kernel   ----------
     3                              <1> 
     4                              <1> LOADER_BASE_ADDR equ 0x900
     5                              <1> LOADER_STACK_TOP equ LOADER_BASE_ADDR
     6                              <1> LOADER_START_SECTOR equ 0x2
     7                              <1> 
     8                              <1> KERNEL_BIN_BASE_ADDR equ 0x70000
     9                              <1> KERNEL_START_SECTOR equ 0x9
    10                              <1> KERNEL_ENTRY_POINT equ 0xc0001500
    11                              <1> 
    12                              <1> ;-------------   页表配置   ----------------
    13                              <1> PAGE_DIR_TABLE_POS equ 0x100000
    14                              <1> 
    15                              <1> ;--------------   gdt描述符属性  -------------
    16                              <1> DESC_G_4K   equ	  1_00000000000000000000000b   
    17                              <1> DESC_D_32   equ	   1_0000000000000000000000b
    18                              <1> DESC_L	    equ	    0_000000000000000000000b	;  64位代码标记，此处标记为0便可。
    19                              <1> DESC_AVL    equ	     0_00000000000000000000b	;  cpu不用此位，暂置为0  
    20                              <1> DESC_LIMIT_CODE2  equ 1111_0000000000000000b
    21                              <1> DESC_LIMIT_DATA2  equ DESC_LIMIT_CODE2
    22                              <1> DESC_LIMIT_VIDEO2  equ 0000_000000000000000b
    23                              <1> DESC_P	    equ		  1_000000000000000b
    24                              <1> DESC_DPL_0  equ		   00_0000000000000b
    25                              <1> DESC_DPL_1  equ		   01_0000000000000b
    26                              <1> DESC_DPL_2  equ		   10_0000000000000b
    27                              <1> DESC_DPL_3  equ		   11_0000000000000b
    28                              <1> DESC_S_CODE equ		     1_000000000000b
    29                              <1> DESC_S_DATA equ	  DESC_S_CODE
    30                              <1> DESC_S_sys  equ		     0_000000000000b
    31                              <1> DESC_TYPE_CODE  equ	      1000_00000000b	;x=1,c=0,r=0,a=0 代码段是可执行的,非依从的,不可读的,已访问位a清0.  
    32                              <1> DESC_TYPE_DATA  equ	      0010_00000000b	;x=0,e=0,w=1,a=0 数据段是不可执行的,向上扩展的,可写的,已访问位a清0.
    33                              <1> 
    34                              <1> DESC_CODE_HIGH4 equ (0x00 << 24) + DESC_G_4K + DESC_D_32 + DESC_L + DESC_AVL + DESC_LIMIT_CODE2 + DESC_P + DESC_DPL_0 + DESC_S_CODE + DESC_TYPE_CODE + 0x00
    35                              <1> DESC_DATA_HIGH4 equ (0x00 << 24) + DESC_G_4K + DESC_D_32 + DESC_L + DESC_AVL + DESC_LIMIT_DATA2 + DESC_P + DESC_DPL_0 + DESC_S_DATA + DESC_TYPE_DATA + 0x00
    36                              <1> DESC_VIDEO_HIGH4 equ (0x00 << 24) + DESC_G_4K + DESC_D_32 + DESC_L + DESC_AVL + DESC_LIMIT_VIDEO2 + DESC_P + DESC_DPL_0 + DESC_S_DATA + DESC_TYPE_DATA + 0x0b
    37                              <1> 
    38                              <1> ;--------------   选择子属性  ---------------
    39                              <1> RPL0  equ   00b
    40                              <1> RPL1  equ   01b
    41                              <1> RPL2  equ   10b
    42                              <1> RPL3  equ   11b
    43                              <1> TI_GDT	 equ   000b
    44                              <1> TI_LDT	 equ   100b
    45                              <1> 
    46                              <1> ;----------------   页表相关属性    --------------
    47                              <1> PG_P  equ   1b
    48                              <1> PG_RW_R	 equ  00b 
    49                              <1> PG_RW_W	 equ  10b 
    50                              <1> PG_US_S	 equ  000b 
    51                              <1> PG_US_U	 equ  100b 
    52                              <1> 
    53                              <1> 
    54                              <1> ;-------------  program type 定义   --------------
    55                              <1> PT_NULL equ 0
     2                                  section loader vstart=LOADER_BASE_ADDR
     3                                  ;----------------------------------------------------------------
     4                                  ;构建gdt及其内部的描述符
     5 00000000 00000000                GDT_BASE:   dd	0x00000000 
     6 00000004 00000000                			dd	0x00000000
     7 00000008 FFFF0000                CODE_DESC:  dd	0x0000FFFF			;CODE/DATA/STACK段界限是 FFFFF。实际段界限=(描述符中段界限+1)*4k-1。得到实际段界限=0xFFFF_FFFF(4G)
     8 0000000C 0098CF00                			dd	DESC_CODE_HIGH4		;段基址是 0
     9                                  DATA_STACK_DESC:
    10 00000010 FFFF0000                			dd	0x0000FFFF
    11 00000014 0092CF00                			dd	DESC_DATA_HIGH4
    12 00000018 07000080                VIDEO_DESC: dd	0x80000007			;video段界限是0x7，代入公式，得到实际段界限=32k，文本模式内存地址0xb8000~0xbffff=(0x7FFF)=32k
    13 0000001C 0B92C000                			dd	DESC_VIDEO_HIGH4	;段基址是0xb8000。注意，此时dpl=0
    14                                  GDT_SIZE	equ	$ - GDT_BASE
    15                                  GDT_LIMIT   equ	GDT_SIZE - 1
    16 00000020 0000000000000000-       times 60 	dq	0					 ; 此处预留60个描述符的slot（8*4+8*60=512Byte(0x200)）
    16 00000020 <rep 3Ch>          
    17                                  SELECTOR_CODE	equ	(0x0001<<3) + TI_GDT + RPL0	;(CODE_DESC - GDT_BASE)*8 + TI_GDT + RPL0
    18                                  SELECTOR_DATA	equ (0x0002<<3) + TI_GDT + RPL0
    19                                  SELECTOR_VIDEO	equ (0x0003<<3) + TI_GDT + RPL0
    20                                  
    21                                  
    22                                  ; total_mem_bytes用于保存内存容量,以字节为单位
    23                                  ; 偏移loader.bin文件头0x200字节
    24 00000200 00000000                total_mem_bytes dd 0
    25                                  ;----------------------------------------------
    26                                  
    27                                  ; gdt的指针，前2字节是gdt界限，后4字节是gdt起始地址
    28 00000204 1F00                    gdt_ptr		dw  GDT_LIMIT 
    29 00000206 [00000000]              			dd  GDT_BASE
    30                                  
    31                                  ; total_mem_bytes4字节+gdt_ptr6字节+ards_buf244字节+ards_nr2 = 256(0x100)字节
    32 0000020A 00<rep F4h>             ards_buf	times 244 db 0
    33 000002FE 0000                    ards_nr		dw 0		      ;用于记录ards结构体数量
    34                                  
    35                                  
    36                                  
    37                                  
    38                                  ;----------------------------------------------------------------
    39                                  loader_start:
    40                                  ;-------  int 15h eax = 0000E820h ,edx = 534D4150h ('SMAP') 获取内存布局  -------
    41 00000300 6631DB                  	xor ebx, ebx		      ;第一次调用时，ebx值要为0
    42 00000303 66BA50414D53            	mov edx, 0x534d4150	      ;edx只赋值一次，循环体中不会改变
    43 00000309 BF[0A02]                	mov di, ards_buf	      ;ards结构缓冲区
    44                                  .e820_mem_get_loop:	      ;循环获取每个ARDS内存范围描述结构
    45 0000030C 66B820E80000            	mov eax, 0x0000e820	      ;执行int 0x15后,eax值变为0x534d4150,所以每次执行int前都要更新为子功能号。
    46 00000312 66B914000000            	mov ecx, 20		      ;ARDS地址范围描述符结构大小是20字节
    47 00000318 CD15                    	int 0x15
    48 0000031A 7232                    	jc .e820_failed_so_try_e801   ;若cf位为1则有错误发生，尝试0xe801子功能
    49 0000031C 01CF                    	add di, cx		      ;使di增加20字节指向缓冲区中新的ARDS结构位置
    50 0000031E FF06[FE02]              	inc word [ards_nr]	      ;记录ARDS数量
    51 00000322 6683FB00                	cmp ebx, 0		      ;若ebx为0且cf不为1,这说明ards全部返回，当前已是最后一个
    52 00000326 75E4                    	jnz .e820_mem_get_loop
    53                                  
    54                                  	;在所有ards结构中，找出(base_add_low + length_low)的最大值，即内存的容量。
    55 00000328 8B0E[FE02]              	mov cx, [ards_nr]	      ;遍历每一个ARDS结构体,循环次数是ARDS的数量
    56 0000032C 66BB[0A020000]          	mov ebx, ards_buf 
    57 00000332 6631D2                  	xor edx, edx		      ;edx为最大的内存容量,在此先清0
    58                                  .find_max_mem_area:	      ;无须判断type是否为1,最大的内存块一定是可被使用
    59 00000335 66678B03                	mov eax, [ebx]	      ;base_add_low
    60 00000339 6667034308              	add eax, [ebx+8]	      ;length_low
    61 0000033E 6683C314                	add ebx, 20		      ;指向缓冲区中下一个ARDS结构
    62 00000342 6639C2                  	cmp edx, eax		      ;冒泡排序，找出最大,edx寄存器始终是最大的内存容量
    63 00000345 7D03                    	jge .next_ards
    64 00000347 6689C2                  	mov edx, eax		      ;edx为总内存大小
    65                                  .next_ards:
    66 0000034A E2E9                    	loop .find_max_mem_area
    67 0000034C EB5A                    	jmp .mem_get_ok
    68                                  
    69                                  	;------  int 15h ax = E801h 获取内存大小,最大支持4G  ------
    70                                  	; 返回后, ax cx 值一样,以KB为单位,bx dx值一样,以64KB为单位
    71                                  	; 在ax和cx寄存器中为低16M,在bx和dx寄存器中为16MB到4G。
    72                                  .e820_failed_so_try_e801:
    73 0000034E B801E8                  	mov ax,0xe801
    74 00000351 CD15                    	int 0x15
    75 00000353 7232                    	jc .e801_failed_so_try88   ;若当前e801方法失败,就尝试0x88方法
    76                                  
    77                                  	;1 先算出低15M的内存,ax和cx中是以KB为单位的内存数量,将其转换为以byte为单位
    78 00000355 B90004                  	mov cx,0x400	     ;cx和ax值一样,cx用做乘数
    79 00000358 F7E1                    	mul cx 
    80 0000035A 66C1E210                	shl edx,16
    81 0000035E 6625FFFF0000            	and eax,0x0000FFFF
    82 00000364 6609C2                  	or edx,eax
    83 00000367 6681C200001000          	add edx, 0x100000 ;ax只是15MB,故要加1MB
    84 0000036E 6689D6                  	mov esi,edx	     ;先把低15MB的内存容量存入esi寄存器备份
    85                                  
    86                                  	;2 再将16MB以上的内存转换为byte为单位,寄存器bx和dx中是以64KB为单位的内存数量
    87 00000371 6631C0                  	xor eax,eax
    88 00000374 89D8                    	mov ax,bx		
    89 00000376 66B900000100            	mov ecx, 0x10000	;0x10000十进制为64KB
    90 0000037C 66F7E1                  	mul ecx		;32位乘法,默认的被乘数是eax,积为64位,高32位存入edx,低32位存入eax.
    91 0000037F 6601C6                  	add esi,eax		;由于此方法只能测出4G以内的内存,故32位eax足够了,edx肯定为0,只加eax便可
    92 00000382 6689F2                  	mov edx,esi		;edx为总内存大小
    93 00000385 EB21                    	jmp .mem_get_ok
    94                                  
    95                                  	;-----------------  int 15h ah = 0x88 获取内存大小,只能获取64M之内  ----------
    96                                  .e801_failed_so_try88: 
    97                                  	;int 15后，ax存入的是以kb为单位的内存容量
    98 00000387 B488                    	mov  ah, 0x88
    99 00000389 CD15                    	int  0x15
   100 0000038B 0F828100                	jc .error_hlt
   101 0000038F 6625FFFF0000            	and eax,0x0000FFFF
   102                                  	  
   103                                  	;16位乘法，被乘数是ax,积为32位.积的高16位在dx中，积的低16位在ax中
   104 00000395 B90004                  	mov cx, 0x400     ;0x400等于1024,将ax中的内存容量换为以byte为单位
   105 00000398 F7E1                    	mul cx
   106 0000039A 66C1E210                	shl edx, 16	     ;把dx移到高16位
   107 0000039E 6609C2                  	or edx, eax	     ;把积的低16位组合到edx,为32位的积
   108 000003A1 6681C200001000          	add edx,0x100000  ;0x88子功能只会返回1MB以上的内存,故实际内存大小要加上1MB
   109                                  
   110                                  .mem_get_ok:
   111 000003A8 668916[0002]            	mov [total_mem_bytes], edx	 ;将内存换为byte单位后存入total_mem_bytes处。
   112                                  
   113                                  	;使用mbr中设置的段寄存器
   114 000003AD 65C606A0004C            	mov byte [gs:80*2+0x00], 'L'
   115 000003B3 65C606A10007            	mov byte [gs:80*2+0x01], 0x07
   116 000003B9 65C606A2006F            	mov byte [gs:80*2+0x02], 'o'
   117 000003BF 65C606A30007            	mov byte [gs:80*2+0x03], 0x07
   118 000003C5 65C606A40061            	mov byte [gs:80*2+0x04], 'a'
   119 000003CB 65C606A50007            	mov byte [gs:80*2+0x05], 0x07
   120 000003D1 65C606A60064            	mov byte [gs:80*2+0x06], 'd'
   121 000003D7 65C606A70007            	mov byte [gs:80*2+0x07], 0x07
   122 000003DD 65C606A80065            	mov byte [gs:80*2+0x08], 'e'
   123 000003E3 65C606A90007            	mov byte [gs:80*2+0x09], 0x07
   124 000003E9 65C606AA0072            	mov byte [gs:80*2+0x0a], 'r'
   125 000003EF 65C606AB0007            	mov byte [gs:80*2+0x0b], 0x07
   126                                  	
   127                                  	;进入保护模式三步：
   128                                  	;-----------------  打开A20  ----------------
   129 000003F5 E492                    	in al,0x92
   130 000003F7 0C02                    	or al,0000_0010B
   131 000003F9 E692                    	out 0x92,al
   132                                  	;-----------------  加载GDT  ----------------
   133 000003FB 2E0F0116[0402]          	lgdt [cs:gdt_ptr]
   134                                  	;-----------------  cr0第0位置1  ----------------
   135 00000401 0F20C0                  	mov eax, cr0
   136 00000404 6683C801                	or eax, 0x00000001
   137 00000408 0F22C0                  	mov cr0, eax
   138                                  
   139                                  	;刷新流水线，避免分支预测的影响,这种cpu优化策略，最怕jmp跳转，
   140 0000040B EA[1104]0800            	jmp  SELECTOR_CODE:p_mode_start
   141                                  
   142                                  .error_hlt:		      ;出错则挂起
   143 00000410 F4                      	hlt
   144                                  
   145                                  [bits 32]
   146                                  p_mode_start:
   147                                  	;进入保护模式后，段寄存器必须初始化，之前的值是实模式的！
   148 00000411 66B81000                	mov ax, SELECTOR_DATA
   149 00000415 8ED8                    	mov ds, ax
   150 00000417 8EC0                    	mov es, ax
   151 00000419 8ED0                    	mov ss, ax
   152 0000041B BC00090000              	mov esp,LOADER_STACK_TOP
   153 00000420 66B81800                	mov ax, SELECTOR_VIDEO
   154 00000424 8EE8                    	mov gs, ax
   155                                  
   156 00000426 65C605AE00000050        	mov byte [gs:80*2+0x0e], 'P'
   157 0000042E 65C605B00000004D        	mov byte [gs:80*2+0x10], 'M'
   158 00000436 65C605B20000006F        	mov byte [gs:80*2+0x12], 'o'
   159 0000043E 65C605B400000064        	mov byte [gs:80*2+0x14], 'd'
   160 00000446 65C605B600000065        	mov byte [gs:80*2+0x16], 'e'
   161                                  	
   162                                  ; -------------------------   加载kernel  ----------------------
   163 0000044E B809000000              	mov eax, KERNEL_START_SECTOR        ; kernel.bin所在的扇区号
   164 00000453 BB00000700              	mov ebx, KERNEL_BIN_BASE_ADDR       ; 从磁盘读出后，写入到ebx指定的地址
   165 00000458 B9C8000000              	mov ecx, 200			       ; 读入的扇区数
   166 0000045D E829010000              	call rd_disk_m_32
   167                                  	
   168                                  	; 创建页目录及页表并初始化页内存位图
   169 00000462 E8AA000000              	call setup_page
   170                                  
   171                                  	
   172 00000467 0F0105[04020000]        	sgdt [gdt_ptr]
   173                                  	;将gdt描述符中，视频段描述符，其段基址+0xC0000000
   174 0000046E 8B1D[06020000]          	mov ebx, [gdt_ptr + 2]					;取得GDT_BASE
   175 00000474 814B1C000000C0          	or dword [ebx + 0x18 + 4], 0xC0000000	;8*3=24=0x18
   176                                  	
   177                                  	;将gdt的基址加上0xc0000000使其成为内核所在的高地址
   178 0000047B 8105[06020000]0000-     	add dword [gdt_ptr + 2], 0xC0000000
   178 00000483 00C0               
   179                                  
   180 00000485 81C4000000C0            	add esp, 0xC0000000        ; 将栈指针同样映射到内核地址
   181                                  
   182                                  	
   183                                  	; 把页目录地址赋给cr3
   184 0000048B B800001000              	mov eax, PAGE_DIR_TABLE_POS
   185 00000490 0F22D8                  	mov cr3, eax
   186                                  	; 打开cr0的pg位(第31位)，开启分页
   187 00000493 0F20C0                  	mov eax, cr0
   188 00000496 0D00000080              	or eax, 0x80000000
   189 0000049B 0F22C0                  	mov cr0, eax
   190                                  
   191                                  
   192                                  	;在开启分页后,用gdt新的地址重新加载
   193 0000049E 0F0115[04020000]        	lgdt [gdt_ptr]
   194                                  
   195 000004A5 EA[AC040000]0800        	jmp SELECTOR_CODE:enter_kernel	  ;强制刷新流水线,更新gdt（是刷新TLB吧！）
   196                                  ;=============================================================================
   197                                  enter_kernel:
   198 000004AC E80A000000              	call kernel_init
   199 000004B1 BC00F009C0              	mov esp, 0xc009f000
   200 000004B6 E9(001500C0)            	jmp KERNEL_ENTRY_POINT                 ; 用地址0x1500访问测试，结果ok
   201                                  
   202                                  
   203                                  ;-----------------   将kernel.bin中的segment拷贝到编译的地址   -----------
   204                                  ;解析elf文件
   205                                  kernel_init:
   206 000004BB 31C0                    	xor eax, eax
   207 000004BD 31DB                    	xor ebx, ebx		;ebx记录程序头表地址
   208 000004BF 31C9                    	xor ecx, ecx		;cx记录程序头表中的program header数量
   209 000004C1 31D2                    	xor edx, edx		;dx 记录program header尺寸,即e_phentsize
   210                                  
   211 000004C3 668B152A000700          	mov dx,		[KERNEL_BIN_BASE_ADDR + 42]	  	; 偏移文件42字节处的属性是e_phentsize：		program header大小
   212 000004CA 8B1D1C000700            	mov ebx,	[KERNEL_BIN_BASE_ADDR + 28]   	; 偏移文件开始部分28字节的地方是e_phoff：	第1个program header在文件中的偏移量
   213                                  												; 其实该值是0x34,不过还是谨慎一点，这里来读取实际值
   214 000004D0 81C300000700            	add ebx,	KERNEL_BIN_BASE_ADDR
   215 000004D6 668B0D2C000700          	mov cx,		[KERNEL_BIN_BASE_ADDR + 44]		; 偏移文件开始部分44字节的地方是e_phnum:	有几个program header
   216                                  .each_segment:
   217 000004DD 803B00                  	cmp byte	[ebx + 0], PT_NULL		; 若p_type等于 PT_NULL，说明此program header未使用。
   218 000004E0 7417                    	je .PTNULL
   219                                  
   220                                  	;为函数memcpy压入参数,参数是从右往左依次压入。memcpy(dst,src,size)
   221 000004E2 FF7310                  	push dword	[ebx + 16]				; program header中偏移16字节的地方是p_filesz。压入函数memcpy的第三个参数:size
   222 000004E5 8B4304                  	mov eax,	[ebx + 4]				; 距程序头偏移量为4字节的位置是p_offset
   223 000004E8 0500000700              	add eax,	KERNEL_BIN_BASE_ADDR	; 加上kernel.bin被加载到的物理地址，eax为该段的物理地址
   224 000004ED 50                      	push eax							; 压入函数memcpy的第二个参数:源地址
   225 000004EE FF7308                  	push dword	[ebx + 8]				; 压入函数memcpy的第一个参数:目的地址，程序头8字节的位置是p_vaddr = 目的地址
   226 000004F1 E808000000              	call 		mem_cpy					; 调用mem_cpy完成段复制
   227 000004F6 83C40C                  	add esp,	12						; 清理栈中压入的三个参数
   228                                  .PTNULL:
   229 000004F9 01D3                    	add ebx, edx						; edx为program header大小，即e_phentsize，在此ebx指向下一个program header 
   230 000004FB E2E0                    	loop .each_segment
   231 000004FD C3                      	ret
   232                                  
   233                                  ;----------  逐字节拷贝 mem_cpy(dst,src,size) ------------
   234                                  ;输入:栈中三个参数(dst,src,size)
   235                                  ;输出:无
   236                                  ;---------------------------------------------------------
   237                                  mem_cpy:		      
   238 000004FE FC                      	cld
   239 000004FF 55                      	push ebp
   240 00000500 89E5                    	mov ebp, esp
   241 00000502 51                      	push ecx				; rep指令用到了ecx
   242 00000503 8B7D08                  	mov edi, [ebp + 8]		; dst
   243 00000506 8B750C                  	mov esi, [ebp + 12]		; src
   244 00000509 8B4D10                  	mov ecx, [ebp + 16]		; size
   245 0000050C F3A4                    	rep movsb				; 逐字节拷贝
   246                                  	;恢复环境
   247 0000050E 59                      	pop ecx
   248 0000050F 5D                      	pop ebp
   249 00000510 C3                      	ret
   250                                  
   251                                  
   252                                  ;-------------   创建页目录及页表   ---------------
   253                                  ;PageDirectoryEntry PDE 
   254                                  ;PageTableEntry		PTE
   255                                  setup_page:
   256                                  	;页目录清0
   257 00000511 B900100000              	mov ecx, 4096
   258 00000516 BE00000000              	mov esi, 0
   259                                  .clear_page_dir:
   260 0000051B C6860000100000          	mov byte [PAGE_DIR_TABLE_POS + esi], 0
   261 00000522 46                      	inc esi
   262 00000523 E2F6                    	loop .clear_page_dir
   263                                  
   264                                  	;创建页目录项(PDE)
   265                                  .create_pde:
   266 00000525 B800001000              	mov eax, PAGE_DIR_TABLE_POS
   267 0000052A 0500100000              	add eax, 0x1000 			     ; 第一个页表的位置及属性
   268 0000052F 89C3                    	mov ebx, eax				     ; .create_pte中，ebx为基址
   269                                  
   270                                  ; 0xC00以上的目录项用于内核空间, 也就是页表的0xc0000000~0xffffffff共计1G属于内核,0x0~0xbfffffff共计3G属于用户进程
   271                                  ; 页目录项0和0xC00(=768*4)，指向第一个页表的地址，
   272                                  ; 一个页表指示4MB内存，0x003Fffff和0xC03Fffff虚拟内存区域，使用相同的页表，
   273                                  ; 为内核地址做准备
   274 00000531 83C807                  	or eax, PG_US_U | PG_RW_W | PG_P			; 页目录项的属性RW和P位为1、US为1，表示用户属性，所有特权级别都可以访问
   275 00000534 A300001000              	mov [PAGE_DIR_TABLE_POS + 0x0], eax			; 第1个目录项，在页目录表中的第1个目录项，写入第一个页表的位置(0x101000)及属性(3)
   276 00000539 A3000C1000              	mov [PAGE_DIR_TABLE_POS + 0xc00], eax		; 第768个PDE，也写入第一个页表的位置(0x101000)及属性(3)
   277 0000053E 2D00100000              	sub eax, 0x1000
   278 00000543 A3FC0F1000              	mov [PAGE_DIR_TABLE_POS + 4092], eax		; 使最后一个目录项指向页目录表自己
   279                                  
   280                                  ;下面创建页表项(PTE)
   281 00000548 B900010000              	mov ecx, 256				     	; 1M低端内存 / 每页大小4k = 256个PTE
   282 0000054D BE00000000              	mov esi, 0
   283 00000552 BA07000000              	mov edx, PG_US_U | PG_RW_W | PG_P	; 属性为7：US=1/RW=1/P=1
   284                                  .create_pte:
   285 00000557 8914B3                  	mov [ebx+esi*4],edx					; ebx=0x101000=第一个页表的地址
   286 0000055A 81C200100000            	add edx,4096
   287 00000560 46                      	inc esi
   288 00000561 E2F4                    	loop .create_pte
   289                                  
   290                                  	;创建内核其它页表的PDE
   291 00000563 B800001000              	mov eax, PAGE_DIR_TABLE_POS
   292 00000568 0500200000              	add eax, 0x2000						; eax=第二个页表的位置(0x102000)
   293 0000056D 83C807                  	or eax, PG_US_U | PG_RW_W | PG_P	; 页目录项的属性RW和P位为1、US为0
   294 00000570 BB00001000              	mov ebx, PAGE_DIR_TABLE_POS
   295 00000575 B9FE000000              	mov ecx, 254						; 范围为第769~1022的所有目录项，ecx=数量
   296 0000057A BE01030000              	mov esi, 769
   297                                  .create_kernel_pde:
   298 0000057F 8904B3                  	mov [ebx+esi*4], eax				;ebx索引目录项，eax索引第二个页表之后的页表
   299 00000582 46                      	inc esi								;下一个目录项
   300 00000583 0500100000              	add eax, 0x1000						;下一个页表(0x1000=4k)
   301 00000588 E2F5                    	loop .create_kernel_pde
   302 0000058A C3                      	ret
   303                                  
   304                                  
   305                                  ;-------------------------------------------------------------------------------
   306                                  ;功能:读取硬盘n个扇区
   307                                  ; eax=LBA扇区号
   308                                  ; ebx=将数据写入的内存地址
   309                                  ; ecx=读入的扇区数
   310                                  rd_disk_m_32:
   311 0000058B 89C6                          mov esi,eax
   312 0000058D 6689CF                        mov di,cx
   313                                  ;读写硬盘:
   314                                  ;第1步：设置要读取的扇区数
   315 00000590 66BAF201                      mov dx,0x1f2
   316 00000594 88C8                          mov al,cl
   317 00000596 EE                            out dx,al
   318                                  
   319 00000597 89F0                          mov eax,esi
   320                                  
   321                                  ;第2步：将LBA地址存入0x1f3 ~ 0x1f6
   322                                  
   323 00000599 66BAF301                      mov dx,0x1f3                       
   324 0000059D EE                            out dx,al                          
   325                                  
   326 0000059E B108                          mov cl,8
   327 000005A0 D3E8                          shr eax,cl
   328 000005A2 66BAF401                      mov dx,0x1f4
   329 000005A6 EE                            out dx,al
   330                                  
   331 000005A7 D3E8                          shr eax,cl
   332 000005A9 66BAF501                      mov dx,0x1f5
   333 000005AD EE                            out dx,al
   334                                  
   335 000005AE D3E8                          shr eax,cl
   336 000005B0 240F                          and al,0x0f
   337 000005B2 0CE0                          or al,0xe0
   338 000005B4 66BAF601                      mov dx,0x1f6
   339 000005B8 EE                            out dx,al
   340                                  
   341                                  ;第3步：向0x1f7端口写入读命令，0x20 
   342 000005B9 66BAF701                      mov dx,0x1f7
   343 000005BD B020                          mov al,0x20                        
   344 000005BF EE                            out dx,al
   345                                  
   346                                  ;第4步：检测硬盘状态
   347                                    .not_ready:
   348 000005C0 90                            nop
   349 000005C1 EC                            in al,dx
   350 000005C2 2488                          and al,0x88
   351 000005C4 3C08                          cmp al,0x08
   352 000005C6 75F8                          jnz .not_ready
   353                                  
   354                                  ;第5步：从0x1f0端口读数据
   355 000005C8 6689F8                        mov ax, di
   356 000005CB 66BA0001                      mov dx, 256
   357 000005CF 66F7E2                        mul dx
   358 000005D2 6689C1                        mov cx, ax	   
   359 000005D5 66BAF001                      mov dx, 0x1f0
   360                                    .go_on_read:
   361 000005D9 66ED                          in ax,dx		
   362 000005DB 668903                        mov [ebx], ax
   363 000005DE 83C302                        add ebx, 2
   364                                  			  ; 由于在实模式下偏移地址为16位,所以用bx只会访问到0~FFFFh的偏移。
   365                                  			  ; loader的栈指针为0x900,bx为指向的数据输出缓冲区,且为16位，
   366                                  			  ; 超过0xffff后,bx部分会从0开始,所以当要读取的扇区数过大,待写入的地址超过bx的范围时，
   367                                  			  ; 从硬盘上读出的数据会把0x0000~0xffff的覆盖，
   368                                  			  ; 造成栈被破坏,所以ret返回时,返回地址被破坏了,已经不是之前正确的地址,
   369                                  			  ; 故程序出会错,不知道会跑到哪里去。
   370                                  			  ; 所以改为ebx代替bx指向缓冲区,这样生成的机器码前面会有0x66和0x67来反转。
   371                                  			  ; 0X66用于反转默认的操作数大小! 0X67用于反转默认的寻址方式.
   372                                  			  ; cpu处于16位模式时,会理所当然的认为操作数和寻址都是16位,处于32位模式时,
   373                                  			  ; 也会认为要执行的指令是32位.
   374                                  			  ; 当我们在其中任意模式下用了另外模式的寻址方式或操作数大小(姑且认为16位模式用16位字节操作数，
   375                                  			  ; 32位模式下用32字节的操作数)时,编译器会在指令前帮我们加上0x66或0x67，
   376                                  			  ; 临时改变当前cpu模式到另外的模式下.
   377                                  			  ; 假设当前运行在16位模式,遇到0X66时,操作数大小变为32位.
   378                                  			  ; 假设当前运行在32位模式,遇到0X66时,操作数大小变为16位.
   379                                  			  ; 假设当前运行在16位模式,遇到0X67时,寻址方式变为32位寻址
   380                                  			  ; 假设当前运行在32位模式,遇到0X67时,寻址方式变为16位寻址.
   381                                  
   382 000005E1 E2F6                          loop .go_on_read
   383 000005E3 C3                            ret
   384                                  
   385                                  	
   386                                  	
   387                                  	
   388                                  	
   389                                  	
   390                                  	
   391                                  	
   392                                  	
   393 000005E4 EBFE                    	jmp $
   394                                  
